d:\visual studio\projets\micro-projet-jin\mabibliotheque\debug\mabibliotheque.pch
d:\visual studio\projets\micro-projet-jin\mabibliotheque\debug\mabibliotheque.pdb
d:\visual studio\projets\micro-projet-jin\mabibliotheque\debug\mabibliotheque.idb
d:\visual studio\projets\micro-projet-jin\mabibliotheque\debug\stdafx.sbr
d:\visual studio\projets\micro-projet-jin\mabibliotheque\debug\stdafx.obj
d:\visual studio\projets\micro-projet-jin\mabibliotheque\debug\camions.sbr
d:\visual studio\projets\micro-projet-jin\mabibliotheque\debug\draw.sbr
d:\visual studio\projets\micro-projet-jin\mabibliotheque\debug\entitee.sbr
d:\visual studio\projets\micro-projet-jin\mabibliotheque\debug\joueur.sbr
d:\visual studio\projets\micro-projet-jin\mabibliotheque\debug\monmain.sbr
d:\visual studio\projets\micro-projet-jin\mabibliotheque\debug\policier.sbr
d:\visual studio\projets\micro-projet-jin\mabibliotheque\debug\route.sbr
d:\visual studio\projets\micro-projet-jin\mabibliotheque\debug\vehicules.sbr
d:\visual studio\projets\micro-projet-jin\mabibliotheque\debug\voitures.sbr
d:\visual studio\projets\micro-projet-jin\mabibliotheque\debug\voleur.sbr
d:\visual studio\projets\micro-projet-jin\mabibliotheque\debug\voleur.obj
d:\visual studio\projets\micro-projet-jin\mabibliotheque\debug\voitures.obj
d:\visual studio\projets\micro-projet-jin\mabibliotheque\debug\vehicules.obj
d:\visual studio\projets\micro-projet-jin\mabibliotheque\debug\route.obj
d:\visual studio\projets\micro-projet-jin\mabibliotheque\debug\policier.obj
d:\visual studio\projets\micro-projet-jin\mabibliotheque\debug\monmain.obj
d:\visual studio\projets\micro-projet-jin\mabibliotheque\debug\joueur.obj
d:\visual studio\projets\micro-projet-jin\mabibliotheque\debug\entitee.obj
d:\visual studio\projets\micro-projet-jin\mabibliotheque\debug\draw.obj
d:\visual studio\projets\micro-projet-jin\mabibliotheque\debug\camions.obj
d:\visual studio\projets\micro-projet-jin\debug\mabibliotheque.lib
d:\visual studio\projets\micro-projet-jin\mabibliotheque\debug\vcpkg.applocal.log
d:\visual studio\projets\micro-projet-jin\debug\mabibliotheque.pdb
d:\visual studio\projets\micro-projet-jin\debug\mabibliotheque.bsc
d:\visual studio\projets\micro-projet-jin\mabibliotheque\debug\mabibliotheque.tlog\bscmake.command.1.tlog
d:\visual studio\projets\micro-projet-jin\mabibliotheque\debug\mabibliotheque.tlog\bscmake.read.1.tlog
d:\visual studio\projets\micro-projet-jin\mabibliotheque\debug\mabibliotheque.tlog\cl.command.1.tlog
d:\visual studio\projets\micro-projet-jin\mabibliotheque\debug\mabibliotheque.tlog\cl.read.1.tlog
d:\visual studio\projets\micro-projet-jin\mabibliotheque\debug\mabibliotheque.tlog\cl.write.1.tlog
d:\visual studio\projets\micro-projet-jin\mabibliotheque\debug\mabibliotheque.tlog\lib-link.read.1.tlog
d:\visual studio\projets\micro-projet-jin\mabibliotheque\debug\mabibliotheque.tlog\lib-link.write.1.tlog
d:\visual studio\projets\micro-projet-jin\mabibliotheque\debug\mabibliotheque.tlog\lib.command.1.tlog
d:\visual studio\projets\micro-projet-jin\mabibliotheque\debug\mabibliotheque.tlog\mabibliotheque.write.1u.tlog
